The system is: Darwin - 15.6.0 - x86_64
Compiling the C compiler identification source file "CMakeCCompilerId.c" succeeded.
Compiler: /Applications/Xcode.app/Contents/Developer/Toolchains/XcodeDefault.xctoolchain/usr/bin/cc 
Build flags: 
Id flags: 

The output was:
0


Compilation of the C compiler identification source "CMakeCCompilerId.c" produced "a.out"

The C compiler identification is AppleClang, found in "/Users/wwatkins/Desktop/scop/lib/glfw/CMakeFiles/3.5.0-rc2/CompilerIdC/a.out"

Determining if the C compiler works passed with the following output:
Change Dir: /Users/wwatkins/Desktop/scop/lib/glfw/CMakeFiles/CMakeTmp

Run Build Command:"/usr/bin/make" "cmTC_6dc9d/fast"
/Applications/Xcode.app/Contents/Developer/usr/bin/make -f CMakeFiles/cmTC_6dc9d.dir/build.make CMakeFiles/cmTC_6dc9d.dir/build
Building C object CMakeFiles/cmTC_6dc9d.dir/testCCompiler.c.o
/Applications/Xcode.app/Contents/Developer/Toolchains/XcodeDefault.xctoolchain/usr/bin/cc     -o CMakeFiles/cmTC_6dc9d.dir/testCCompiler.c.o   -c /Users/wwatkins/Desktop/scop/lib/glfw/CMakeFiles/CMakeTmp/testCCompiler.c
Linking C executable cmTC_6dc9d
/usr/local/bin/cmake -E cmake_link_script CMakeFiles/cmTC_6dc9d.dir/link.txt --verbose=1
/Applications/Xcode.app/Contents/Developer/Toolchains/XcodeDefault.xctoolchain/usr/bin/cc    -Wl,-search_paths_first -Wl,-headerpad_max_install_names   CMakeFiles/cmTC_6dc9d.dir/testCCompiler.c.o  -o cmTC_6dc9d  


Detecting C compiler ABI info compiled with the following output:
Change Dir: /Users/wwatkins/Desktop/scop/lib/glfw/CMakeFiles/CMakeTmp

Run Build Command:"/usr/bin/make" "cmTC_a808f/fast"
/Applications/Xcode.app/Contents/Developer/usr/bin/make -f CMakeFiles/cmTC_a808f.dir/build.make CMakeFiles/cmTC_a808f.dir/build
Building C object CMakeFiles/cmTC_a808f.dir/CMakeCCompilerABI.c.o
/Applications/Xcode.app/Contents/Developer/Toolchains/XcodeDefault.xctoolchain/usr/bin/cc     -o CMakeFiles/cmTC_a808f.dir/CMakeCCompilerABI.c.o   -c /usr/local/share/cmake-3.5/Modules/CMakeCCompilerABI.c
Linking C executable cmTC_a808f
/usr/local/bin/cmake -E cmake_link_script CMakeFiles/cmTC_a808f.dir/link.txt --verbose=1
/Applications/Xcode.app/Contents/Developer/Toolchains/XcodeDefault.xctoolchain/usr/bin/cc    -Wl,-search_paths_first -Wl,-headerpad_max_install_names  -v -Wl,-v CMakeFiles/cmTC_a808f.dir/CMakeCCompilerABI.c.o  -o cmTC_a808f   
Apple LLVM version 8.0.0 (clang-800.0.42.1)
Target: x86_64-apple-darwin15.6.0
Thread model: posix
InstalledDir: /Applications/Xcode.app/Contents/Developer/Toolchains/XcodeDefault.xctoolchain/usr/bin
 "/Applications/Xcode.app/Contents/Developer/Toolchains/XcodeDefault.xctoolchain/usr/bin/ld" -demangle -dynamic -arch x86_64 -macosx_version_min 10.11.0 -o cmTC_a808f -search_paths_first -headerpad_max_install_names -v CMakeFiles/cmTC_a808f.dir/CMakeCCompilerABI.c.o -lSystem /Applications/Xcode.app/Contents/Developer/Toolchains/XcodeDefault.xctoolchain/usr/bin/../lib/clang/8.0.0/lib/darwin/libclang_rt.osx.a
@(#)PROGRAM:ld  PROJECT:ld64-274.1
configured to support archs: armv6 armv7 armv7s arm64 i386 x86_64 x86_64h armv6m armv7k armv7m armv7em (tvOS)
Library search paths:
	/usr/lib
	/usr/local/lib
Framework search paths:
	/Library/Frameworks/
	/System/Library/Frameworks/


Parsed C implicit link information from above output:
  link line regex: [^( *|.*[/\])(ld|([^/\]+-)?ld|collect2)[^/\]*( |$)]
  ignore line: [Change Dir: /Users/wwatkins/Desktop/scop/lib/glfw/CMakeFiles/CMakeTmp]
  ignore line: []
  ignore line: [Run Build Command:"/usr/bin/make" "cmTC_a808f/fast"]
  ignore line: [/Applications/Xcode.app/Contents/Developer/usr/bin/make -f CMakeFiles/cmTC_a808f.dir/build.make CMakeFiles/cmTC_a808f.dir/build]
  ignore line: [Building C object CMakeFiles/cmTC_a808f.dir/CMakeCCompilerABI.c.o]
  ignore line: [/Applications/Xcode.app/Contents/Developer/Toolchains/XcodeDefault.xctoolchain/usr/bin/cc     -o CMakeFiles/cmTC_a808f.dir/CMakeCCompilerABI.c.o   -c /usr/local/share/cmake-3.5/Modules/CMakeCCompilerABI.c]
  ignore line: [Linking C executable cmTC_a808f]
  ignore line: [/usr/local/bin/cmake -E cmake_link_script CMakeFiles/cmTC_a808f.dir/link.txt --verbose=1]
  ignore line: [/Applications/Xcode.app/Contents/Developer/Toolchains/XcodeDefault.xctoolchain/usr/bin/cc    -Wl,-search_paths_first -Wl,-headerpad_max_install_names  -v -Wl,-v CMakeFiles/cmTC_a808f.dir/CMakeCCompilerABI.c.o  -o cmTC_a808f   ]
  ignore line: [Apple LLVM version 8.0.0 (clang-800.0.42.1)]
  ignore line: [Target: x86_64-apple-darwin15.6.0]
  ignore line: [Thread model: posix]
  ignore line: [InstalledDir: /Applications/Xcode.app/Contents/Developer/Toolchains/XcodeDefault.xctoolchain/usr/bin]
  link line: [ "/Applications/Xcode.app/Contents/Developer/Toolchains/XcodeDefault.xctoolchain/usr/bin/ld" -demangle -dynamic -arch x86_64 -macosx_version_min 10.11.0 -o cmTC_a808f -search_paths_first -headerpad_max_install_names -v CMakeFiles/cmTC_a808f.dir/CMakeCCompilerABI.c.o -lSystem /Applications/Xcode.app/Contents/Developer/Toolchains/XcodeDefault.xctoolchain/usr/bin/../lib/clang/8.0.0/lib/darwin/libclang_rt.osx.a]
    arg [/Applications/Xcode.app/Contents/Developer/Toolchains/XcodeDefault.xctoolchain/usr/bin/ld] ==> ignore
    arg [-demangle] ==> ignore
    arg [-dynamic] ==> ignore
    arg [-arch] ==> ignore
    arg [x86_64] ==> ignore
    arg [-macosx_version_min] ==> ignore
    arg [10.11.0] ==> ignore
    arg [-o] ==> ignore
    arg [cmTC_a808f] ==> ignore
    arg [-search_paths_first] ==> ignore
    arg [-headerpad_max_install_names] ==> ignore
    arg [-v] ==> ignore
    arg [CMakeFiles/cmTC_a808f.dir/CMakeCCompilerABI.c.o] ==> ignore
    arg [-lSystem] ==> lib [System]
    arg [/Applications/Xcode.app/Contents/Developer/Toolchains/XcodeDefault.xctoolchain/usr/bin/../lib/clang/8.0.0/lib/darwin/libclang_rt.osx.a] ==> lib [/Applications/Xcode.app/Contents/Developer/Toolchains/XcodeDefault.xctoolchain/usr/bin/../lib/clang/8.0.0/lib/darwin/libclang_rt.osx.a]
  Library search paths: [;/usr/lib;/usr/local/lib]
  Framework search paths: [;/Library/Frameworks/;/System/Library/Frameworks/]
  remove lib [System]
  collapse lib [/Applications/Xcode.app/Contents/Developer/Toolchains/XcodeDefault.xctoolchain/usr/bin/../lib/clang/8.0.0/lib/darwin/libclang_rt.osx.a] ==> [/Applications/Xcode.app/Contents/Developer/Toolchains/XcodeDefault.xctoolchain/usr/lib/clang/8.0.0/lib/darwin/libclang_rt.osx.a]
  collapse library dir [/usr/lib] ==> [/usr/lib]
  collapse library dir [/usr/local/lib] ==> [/usr/local/lib]
  collapse framework dir [/Library/Frameworks/] ==> [/Library/Frameworks]
  collapse framework dir [/System/Library/Frameworks/] ==> [/System/Library/Frameworks]
  implicit libs: [/Applications/Xcode.app/Contents/Developer/Toolchains/XcodeDefault.xctoolchain/usr/lib/clang/8.0.0/lib/darwin/libclang_rt.osx.a]
  implicit dirs: [/usr/lib;/usr/local/lib]
  implicit fwks: [/Library/Frameworks;/System/Library/Frameworks]




Detecting C [-std=c11] compiler features compiled with the following output:
Change Dir: /Users/wwatkins/Desktop/scop/lib/glfw/CMakeFiles/CMakeTmp

Run Build Command:"/usr/bin/make" "cmTC_61af3/fast"
/Applications/Xcode.app/Contents/Developer/usr/bin/make -f CMakeFiles/cmTC_61af3.dir/build.make CMakeFiles/cmTC_61af3.dir/build
Building C object CMakeFiles/cmTC_61af3.dir/feature_tests.c.o
/Applications/Xcode.app/Contents/Developer/Toolchains/XcodeDefault.xctoolchain/usr/bin/cc    -std=c11 -o CMakeFiles/cmTC_61af3.dir/feature_tests.c.o   -c /Users/wwatkins/Desktop/scop/lib/glfw/CMakeFiles/feature_tests.c
Linking C executable cmTC_61af3
/usr/local/bin/cmake -E cmake_link_script CMakeFiles/cmTC_61af3.dir/link.txt --verbose=1
/Applications/Xcode.app/Contents/Developer/Toolchains/XcodeDefault.xctoolchain/usr/bin/cc    -Wl,-search_paths_first -Wl,-headerpad_max_install_names   CMakeFiles/cmTC_61af3.dir/feature_tests.c.o  -o cmTC_61af3  


    Feature record: C_FEATURE:1c_function_prototypes
    Feature record: C_FEATURE:1c_restrict
    Feature record: C_FEATURE:1c_static_assert
    Feature record: C_FEATURE:1c_variadic_macros


Detecting C [-std=c99] compiler features compiled with the following output:
Change Dir: /Users/wwatkins/Desktop/scop/lib/glfw/CMakeFiles/CMakeTmp

Run Build Command:"/usr/bin/make" "cmTC_0be0c/fast"
/Applications/Xcode.app/Contents/Developer/usr/bin/make -f CMakeFiles/cmTC_0be0c.dir/build.make CMakeFiles/cmTC_0be0c.dir/build
Building C object CMakeFiles/cmTC_0be0c.dir/feature_tests.c.o
/Applications/Xcode.app/Contents/Developer/Toolchains/XcodeDefault.xctoolchain/usr/bin/cc    -std=c99 -o CMakeFiles/cmTC_0be0c.dir/feature_tests.c.o   -c /Users/wwatkins/Desktop/scop/lib/glfw/CMakeFiles/feature_tests.c
Linking C executable cmTC_0be0c
/usr/local/bin/cmake -E cmake_link_script CMakeFiles/cmTC_0be0c.dir/link.txt --verbose=1
/Applications/Xcode.app/Contents/Developer/Toolchains/XcodeDefault.xctoolchain/usr/bin/cc    -Wl,-search_paths_first -Wl,-headerpad_max_install_names   CMakeFiles/cmTC_0be0c.dir/feature_tests.c.o  -o cmTC_0be0c  


    Feature record: C_FEATURE:1c_function_prototypes
    Feature record: C_FEATURE:1c_restrict
    Feature record: C_FEATURE:0c_static_assert
    Feature record: C_FEATURE:1c_variadic_macros


Detecting C [-std=c90] compiler features compiled with the following output:
Change Dir: /Users/wwatkins/Desktop/scop/lib/glfw/CMakeFiles/CMakeTmp

Run Build Command:"/usr/bin/make" "cmTC_03ad6/fast"
/Applications/Xcode.app/Contents/Developer/usr/bin/make -f CMakeFiles/cmTC_03ad6.dir/build.make CMakeFiles/cmTC_03ad6.dir/build
Building C object CMakeFiles/cmTC_03ad6.dir/feature_tests.c.o
/Applications/Xcode.app/Contents/Developer/Toolchains/XcodeDefault.xctoolchain/usr/bin/cc    -std=c90 -o CMakeFiles/cmTC_03ad6.dir/feature_tests.c.o   -c /Users/wwatkins/Desktop/scop/lib/glfw/CMakeFiles/feature_tests.c
Linking C executable cmTC_03ad6
/usr/local/bin/cmake -E cmake_link_script CMakeFiles/cmTC_03ad6.dir/link.txt --verbose=1
/Applications/Xcode.app/Contents/Developer/Toolchains/XcodeDefault.xctoolchain/usr/bin/cc    -Wl,-search_paths_first -Wl,-headerpad_max_install_names   CMakeFiles/cmTC_03ad6.dir/feature_tests.c.o  -o cmTC_03ad6  


    Feature record: C_FEATURE:1c_function_prototypes
    Feature record: C_FEATURE:0c_restrict
    Feature record: C_FEATURE:0c_static_assert
    Feature record: C_FEATURE:0c_variadic_macros
Determining if the include file pthread.h exists passed with the following output:
Change Dir: /Users/wwatkins/Desktop/scop/lib/glfw/CMakeFiles/CMakeTmp

Run Build Command:"/usr/bin/make" "cmTC_d6993/fast"
/Applications/Xcode.app/Contents/Developer/usr/bin/make -f CMakeFiles/cmTC_d6993.dir/build.make CMakeFiles/cmTC_d6993.dir/build
Building C object CMakeFiles/cmTC_d6993.dir/CheckIncludeFile.c.o
/Applications/Xcode.app/Contents/Developer/Toolchains/XcodeDefault.xctoolchain/usr/bin/cc     -o CMakeFiles/cmTC_d6993.dir/CheckIncludeFile.c.o   -c /Users/wwatkins/Desktop/scop/lib/glfw/CMakeFiles/CMakeTmp/CheckIncludeFile.c
Linking C executable cmTC_d6993
/usr/local/bin/cmake -E cmake_link_script CMakeFiles/cmTC_d6993.dir/link.txt --verbose=1
/Applications/Xcode.app/Contents/Developer/Toolchains/XcodeDefault.xctoolchain/usr/bin/cc    -Wl,-search_paths_first -Wl,-headerpad_max_install_names   CMakeFiles/cmTC_d6993.dir/CheckIncludeFile.c.o  -o cmTC_d6993  


Determining if the pthread_create exist passed with the following output:
Change Dir: /Users/wwatkins/Desktop/scop/lib/glfw/CMakeFiles/CMakeTmp

Run Build Command:"/usr/bin/make" "cmTC_8b5dd/fast"
/Applications/Xcode.app/Contents/Developer/usr/bin/make -f CMakeFiles/cmTC_8b5dd.dir/build.make CMakeFiles/cmTC_8b5dd.dir/build
Building C object CMakeFiles/cmTC_8b5dd.dir/CheckSymbolExists.c.o
/Applications/Xcode.app/Contents/Developer/Toolchains/XcodeDefault.xctoolchain/usr/bin/cc     -o CMakeFiles/cmTC_8b5dd.dir/CheckSymbolExists.c.o   -c /Users/wwatkins/Desktop/scop/lib/glfw/CMakeFiles/CMakeTmp/CheckSymbolExists.c
Linking C executable cmTC_8b5dd
/usr/local/bin/cmake -E cmake_link_script CMakeFiles/cmTC_8b5dd.dir/link.txt --verbose=1
/Applications/Xcode.app/Contents/Developer/Toolchains/XcodeDefault.xctoolchain/usr/bin/cc    -Wl,-search_paths_first -Wl,-headerpad_max_install_names   CMakeFiles/cmTC_8b5dd.dir/CheckSymbolExists.c.o  -o cmTC_8b5dd  

File /Users/wwatkins/Desktop/scop/lib/glfw/CMakeFiles/CMakeTmp/CheckSymbolExists.c:
/* */
#include <pthread.h>

int main(int argc, char** argv)
{
  (void)argv;
#ifndef pthread_create
  return ((int*)(&pthread_create))[argc];
#else
  (void)argc;
  return 0;
#endif
}

